0 info it worked if it ends with ok
1 verbose cli [ '/usr/local/bin/node', '/usr/local/bin/npm', 'run', 'e2e' ]
2 info using npm@3.10.10
3 info using node@v6.10.1
4 verbose run-script [ 'pree2e', 'e2e', 'poste2e' ]
5 info lifecycle cse112project@1.0.0~pree2e: cse112project@1.0.0
6 silly lifecycle cse112project@1.0.0~pree2e: no script for pree2e, continuing
7 info lifecycle cse112project@1.0.0~e2e: cse112project@1.0.0
8 verbose lifecycle cse112project@1.0.0~e2e: unsafe-perm in lifecycle true
9 verbose lifecycle cse112project@1.0.0~e2e: PATH: /usr/local/lib/node_modules/npm/bin/node-gyp-bin:/Users/guoziqing/Downloads/CSE112Team12/CSE112Team12/node_modules/.bin:/Library/Frameworks/Python.framework/Versions/3.4/bin:/usr/local/bin:/usr/bin:/bin:/usr/sbin:/sbin:/opt/X11/bin:/usr/local/git/bin
10 verbose lifecycle cse112project@1.0.0~e2e: CWD: /Users/guoziqing/Downloads/CSE112Team12/CSE112Team12
11 silly lifecycle cse112project@1.0.0~e2e: Args: [ '-c',
11 silly lifecycle   'node_modules/nightwatch/bin/nightwatch --config nightwatch.conf.BASIC.js' ]
12 silly lifecycle cse112project@1.0.0~e2e: Returned: code: 1  signal: null
13 info lifecycle cse112project@1.0.0~e2e: Failed to exec e2e script
14 verbose stack Error: cse112project@1.0.0 e2e: `node_modules/nightwatch/bin/nightwatch --config nightwatch.conf.BASIC.js`
14 verbose stack Exit status 1
14 verbose stack     at EventEmitter.<anonymous> (/usr/local/lib/node_modules/npm/lib/utils/lifecycle.js:255:16)
14 verbose stack     at emitTwo (events.js:106:13)
14 verbose stack     at EventEmitter.emit (events.js:191:7)
14 verbose stack     at ChildProcess.<anonymous> (/usr/local/lib/node_modules/npm/lib/utils/spawn.js:40:14)
14 verbose stack     at emitTwo (events.js:106:13)
14 verbose stack     at ChildProcess.emit (events.js:191:7)
14 verbose stack     at maybeClose (internal/child_process.js:886:16)
14 verbose stack     at Process.ChildProcess._handle.onexit (internal/child_process.js:226:5)
15 verbose pkgid cse112project@1.0.0
16 verbose cwd /Users/guoziqing/Downloads/CSE112Team12/CSE112Team12
17 error Darwin 14.5.0
18 error argv "/usr/local/bin/node" "/usr/local/bin/npm" "run" "e2e"
19 error node v6.10.1
20 error npm  v3.10.10
21 error code ELIFECYCLE
22 error cse112project@1.0.0 e2e: `node_modules/nightwatch/bin/nightwatch --config nightwatch.conf.BASIC.js`
22 error Exit status 1
23 error Failed at the cse112project@1.0.0 e2e script 'node_modules/nightwatch/bin/nightwatch --config nightwatch.conf.BASIC.js'.
23 error Make sure you have the latest version of node.js and npm installed.
23 error If you do, this is most likely a problem with the cse112project package,
23 error not with npm itself.
23 error Tell the author that this fails on your system:
23 error     node_modules/nightwatch/bin/nightwatch --config nightwatch.conf.BASIC.js
23 error You can get information on how to open an issue for this project with:
23 error     npm bugs cse112project
23 error Or if that isn't available, you can get their info via:
23 error     npm owner ls cse112project
23 error There is likely additional logging output above.
24 verbose exit [ 1, true ]
