[INFO  - 2017-05-06T23:29:45.488Z] GhostDriver - Main - running on port 24073
[INFO  - 2017-05-06T23:29:45.792Z] Session [e3a537c0-32b3-11e7-9009-571c34c4b484] - page.settings - {"XSSAuditingEnabled":false,"javascriptCanCloseWindows":true,"javascriptCanOpenWindows":true,"javascriptEnabled":true,"loadImages":true,"localToRemoteUrlAccessEnabled":false,"userAgent":"Mozilla/5.0 (Macintosh; Intel Mac OS X) AppleWebKit/538.1 (KHTML, like Gecko) PhantomJS/2.1.1 Safari/538.1","webSecurityEnabled":true}
[INFO  - 2017-05-06T23:29:45.792Z] Session [e3a537c0-32b3-11e7-9009-571c34c4b484] - page.customHeaders:  - {}
[INFO  - 2017-05-06T23:29:45.792Z] Session [e3a537c0-32b3-11e7-9009-571c34c4b484] - Session.negotiatedCapabilities - {"browserName":"phantomjs","version":"2.1.1","driverName":"ghostdriver","driverVersion":"1.2.0","platform":"mac-10.10 (Yosemite)-64bit","javascriptEnabled":true,"takesScreenshot":true,"handlesAlerts":false,"databaseEnabled":false,"locationContextEnabled":false,"applicationCacheEnabled":false,"browserConnectionEnabled":false,"cssSelectorsEnabled":true,"webStorageEnabled":false,"rotatable":false,"acceptSslCerts":false,"nativeEvents":true,"proxy":{"proxyType":"direct"}}
[INFO  - 2017-05-06T23:29:45.792Z] SessionManagerReqHand - _postNewSessionCommand - New Session Created: e3a537c0-32b3-11e7-9009-571c34c4b484
[ERROR - 2017-05-06T23:29:49.640Z] WebElementLocator - _handleLocateCommand - Element(s) NOT Found: GAVE UP. Search Stop Time: 1494113389605
[INFO  - 2017-05-06T23:29:50.363Z] ShutdownReqHand - _handle - About to shutdown
[INFO  - 2017-05-06T23:30:05.701Z] GhostDriver - Main - running on port 7793
[INFO  - 2017-05-06T23:30:06.098Z] Session [efbfaae0-32b3-11e7-81d8-652ba83c8985] - page.settings - {"XSSAuditingEnabled":false,"javascriptCanCloseWindows":true,"javascriptCanOpenWindows":true,"javascriptEnabled":true,"loadImages":true,"localToRemoteUrlAccessEnabled":false,"userAgent":"Mozilla/5.0 (Macintosh; Intel Mac OS X) AppleWebKit/538.1 (KHTML, like Gecko) PhantomJS/2.1.1 Safari/538.1","webSecurityEnabled":true}
[INFO  - 2017-05-06T23:30:06.098Z] Session [efbfaae0-32b3-11e7-81d8-652ba83c8985] - page.customHeaders:  - {}
[INFO  - 2017-05-06T23:30:06.099Z] Session [efbfaae0-32b3-11e7-81d8-652ba83c8985] - Session.negotiatedCapabilities - {"browserName":"phantomjs","version":"2.1.1","driverName":"ghostdriver","driverVersion":"1.2.0","platform":"mac-10.10 (Yosemite)-64bit","javascriptEnabled":true,"takesScreenshot":true,"handlesAlerts":false,"databaseEnabled":false,"locationContextEnabled":false,"applicationCacheEnabled":false,"browserConnectionEnabled":false,"cssSelectorsEnabled":true,"webStorageEnabled":false,"rotatable":false,"acceptSslCerts":false,"nativeEvents":true,"proxy":{"proxyType":"direct"}}
[INFO  - 2017-05-06T23:30:06.099Z] SessionManagerReqHand - _postNewSessionCommand - New Session Created: efbfaae0-32b3-11e7-81d8-652ba83c8985
[ERROR - 2017-05-06T23:30:07.089Z] WebElementLocator - _handleLocateCommand - Element(s) NOT Found: GAVE UP. Search Stop Time: 1494113407047
[INFO  - 2017-05-06T23:30:07.841Z] ShutdownReqHand - _handle - About to shutdown
[INFO  - 2017-05-06T23:30:29.495Z] GhostDriver - Main - running on port 24976
[INFO  - 2017-05-06T23:30:29.902Z] Session [fdefdea0-32b3-11e7-8312-55fea74c247a] - page.settings - {"XSSAuditingEnabled":false,"javascriptCanCloseWindows":true,"javascriptCanOpenWindows":true,"javascriptEnabled":true,"loadImages":true,"localToRemoteUrlAccessEnabled":false,"userAgent":"Mozilla/5.0 (Macintosh; Intel Mac OS X) AppleWebKit/538.1 (KHTML, like Gecko) PhantomJS/2.1.1 Safari/538.1","webSecurityEnabled":true}
[INFO  - 2017-05-06T23:30:29.902Z] Session [fdefdea0-32b3-11e7-8312-55fea74c247a] - page.customHeaders:  - {}
[INFO  - 2017-05-06T23:30:29.902Z] Session [fdefdea0-32b3-11e7-8312-55fea74c247a] - Session.negotiatedCapabilities - {"browserName":"phantomjs","version":"2.1.1","driverName":"ghostdriver","driverVersion":"1.2.0","platform":"mac-10.10 (Yosemite)-64bit","javascriptEnabled":true,"takesScreenshot":true,"handlesAlerts":false,"databaseEnabled":false,"locationContextEnabled":false,"applicationCacheEnabled":false,"browserConnectionEnabled":false,"cssSelectorsEnabled":true,"webStorageEnabled":false,"rotatable":false,"acceptSslCerts":false,"nativeEvents":true,"proxy":{"proxyType":"direct"}}
[INFO  - 2017-05-06T23:30:29.902Z] SessionManagerReqHand - _postNewSessionCommand - New Session Created: fdefdea0-32b3-11e7-8312-55fea74c247a
[ERROR - 2017-05-06T23:30:34.028Z] WebElementLocator - _handleLocateCommand - Element(s) NOT Found: GAVE UP. Search Stop Time: 1494113433987
[ERROR - 2017-05-06T23:30:35.001Z] WebElementLocator - _handleLocateCommand - Element(s) NOT Found: GAVE UP. Search Stop Time: 1494113434970
[INFO  - 2017-05-06T23:30:35.424Z] ShutdownReqHand - _handle - About to shutdown
[INFO  - 2017-05-06T23:31:02.355Z] GhostDriver - Main - running on port 44265
[INFO  - 2017-05-06T23:31:02.741Z] Session [1182b410-32b4-11e7-8ca3-5f89cf509f12] - page.settings - {"XSSAuditingEnabled":false,"javascriptCanCloseWindows":true,"javascriptCanOpenWindows":true,"javascriptEnabled":true,"loadImages":true,"localToRemoteUrlAccessEnabled":false,"userAgent":"Mozilla/5.0 (Macintosh; Intel Mac OS X) AppleWebKit/538.1 (KHTML, like Gecko) PhantomJS/2.1.1 Safari/538.1","webSecurityEnabled":true}
[INFO  - 2017-05-06T23:31:02.741Z] Session [1182b410-32b4-11e7-8ca3-5f89cf509f12] - page.customHeaders:  - {}
[INFO  - 2017-05-06T23:31:02.741Z] Session [1182b410-32b4-11e7-8ca3-5f89cf509f12] - Session.negotiatedCapabilities - {"browserName":"phantomjs","version":"2.1.1","driverName":"ghostdriver","driverVersion":"1.2.0","platform":"mac-10.10 (Yosemite)-64bit","javascriptEnabled":true,"takesScreenshot":true,"handlesAlerts":false,"databaseEnabled":false,"locationContextEnabled":false,"applicationCacheEnabled":false,"browserConnectionEnabled":false,"cssSelectorsEnabled":true,"webStorageEnabled":false,"rotatable":false,"acceptSslCerts":false,"nativeEvents":true,"proxy":{"proxyType":"direct"}}
[INFO  - 2017-05-06T23:31:02.741Z] SessionManagerReqHand - _postNewSessionCommand - New Session Created: 1182b410-32b4-11e7-8ca3-5f89cf509f12
[ERROR - 2017-05-06T23:31:07.465Z] WebElementLocator - _handleLocateCommand - Element(s) NOT Found: GAVE UP. Search Stop Time: 1494113467436
[INFO  - 2017-05-06T23:31:08.223Z] ShutdownReqHand - _handle - About to shutdown
[INFO  - 2017-05-06T23:31:24.208Z] GhostDriver - Main - running on port 5467
[INFO  - 2017-05-06T23:31:24.620Z] Session [1e8d2c80-32b4-11e7-96c7-95eca4b9527c] - page.settings - {"XSSAuditingEnabled":false,"javascriptCanCloseWindows":true,"javascriptCanOpenWindows":true,"javascriptEnabled":true,"loadImages":true,"localToRemoteUrlAccessEnabled":false,"userAgent":"Mozilla/5.0 (Macintosh; Intel Mac OS X) AppleWebKit/538.1 (KHTML, like Gecko) PhantomJS/2.1.1 Safari/538.1","webSecurityEnabled":true}
[INFO  - 2017-05-06T23:31:24.620Z] Session [1e8d2c80-32b4-11e7-96c7-95eca4b9527c] - page.customHeaders:  - {}
[INFO  - 2017-05-06T23:31:24.621Z] Session [1e8d2c80-32b4-11e7-96c7-95eca4b9527c] - Session.negotiatedCapabilities - {"browserName":"phantomjs","version":"2.1.1","driverName":"ghostdriver","driverVersion":"1.2.0","platform":"mac-10.10 (Yosemite)-64bit","javascriptEnabled":true,"takesScreenshot":true,"handlesAlerts":false,"databaseEnabled":false,"locationContextEnabled":false,"applicationCacheEnabled":false,"browserConnectionEnabled":false,"cssSelectorsEnabled":true,"webStorageEnabled":false,"rotatable":false,"acceptSslCerts":false,"nativeEvents":true,"proxy":{"proxyType":"direct"}}
[INFO  - 2017-05-06T23:31:24.621Z] SessionManagerReqHand - _postNewSessionCommand - New Session Created: 1e8d2c80-32b4-11e7-96c7-95eca4b9527c
[ERROR - 2017-05-06T23:31:32.248Z] WebElementLocator - _handleLocateCommand - Element(s) NOT Found: GAVE UP. Search Stop Time: 1494113492216
[INFO  - 2017-05-06T23:31:32.961Z] ShutdownReqHand - _handle - About to shutdown
[INFO  - 2017-05-06T23:31:57.345Z] GhostDriver - Main - running on port 35927
[INFO  - 2017-05-06T23:31:57.763Z] Session [324e64f0-32b4-11e7-8348-13128f636d4a] - page.settings - {"XSSAuditingEnabled":false,"javascriptCanCloseWindows":true,"javascriptCanOpenWindows":true,"javascriptEnabled":true,"loadImages":true,"localToRemoteUrlAccessEnabled":false,"userAgent":"Mozilla/5.0 (Macintosh; Intel Mac OS X) AppleWebKit/538.1 (KHTML, like Gecko) PhantomJS/2.1.1 Safari/538.1","webSecurityEnabled":true}
[INFO  - 2017-05-06T23:31:57.763Z] Session [324e64f0-32b4-11e7-8348-13128f636d4a] - page.customHeaders:  - {}
[INFO  - 2017-05-06T23:31:57.764Z] Session [324e64f0-32b4-11e7-8348-13128f636d4a] - Session.negotiatedCapabilities - {"browserName":"phantomjs","version":"2.1.1","driverName":"ghostdriver","driverVersion":"1.2.0","platform":"mac-10.10 (Yosemite)-64bit","javascriptEnabled":true,"takesScreenshot":true,"handlesAlerts":false,"databaseEnabled":false,"locationContextEnabled":false,"applicationCacheEnabled":false,"browserConnectionEnabled":false,"cssSelectorsEnabled":true,"webStorageEnabled":false,"rotatable":false,"acceptSslCerts":false,"nativeEvents":true,"proxy":{"proxyType":"direct"}}
[INFO  - 2017-05-06T23:31:57.764Z] SessionManagerReqHand - _postNewSessionCommand - New Session Created: 324e64f0-32b4-11e7-8348-13128f636d4a
[ERROR - 2017-05-06T23:32:07.333Z] WebElementLocator - _handleLocateCommand - Element(s) NOT Found: GAVE UP. Search Stop Time: 1494113527300
[ERROR - 2017-05-06T23:32:08.293Z] WebElementLocator - _handleLocateCommand - Element(s) NOT Found: GAVE UP. Search Stop Time: 1494113528263
[ERROR - 2017-05-06T23:32:11.712Z] RouterReqHand - _handle.error - {"name":"Invalid Command Method","message":"{\"headers\":{\"Accept-Encoding\":\"gzip,deflate\",\"Cache-Control\":\"no-cache\",\"Connection\":\"Keep-Alive\",\"Host\":\"localhost:35927\",\"User-Agent\":\"Apache-HttpClient/4.5.3 (Java/1.8.0_77)\"},\"httpVersion\":\"1.1\",\"method\":\"GET\",\"url\":\"/alert_text\",\"urlParsed\":{\"anchor\":\"\",\"query\":\"\",\"file\":\"alert_text\",\"directory\":\"/\",\"path\":\"/alert_text\",\"relative\":\"/alert_text\",\"port\":\"\",\"host\":\"\",\"password\":\"\",\"user\":\"\",\"userInfo\":\"\",\"authority\":\"\",\"protocol\":\"\",\"source\":\"/alert_text\",\"queryKey\":{},\"chunks\":[\"alert_text\"]},\"urlOriginal\":\"/session/324e64f0-32b4-11e7-8348-13128f636d4a/alert_text\"}","line":202,"sourceURL":"phantomjs://code/session_request_handler.js","stack":"_handle@phantomjs://code/session_request_handler.js:202:66\n_reroute@phantomjs://code/request_handler.js:61:20\n_handle@phantomjs://code/router_request_handler.js:78:46"}
[ERROR - 2017-05-06T23:32:11.969Z] WebElementLocator - _handleLocateCommand - Element(s) NOT Found: GAVE UP. Search Stop Time: 1494113531929
[ERROR - 2017-05-06T23:32:12.636Z] WebElementLocator - _handleLocateCommand - Element(s) NOT Found: GAVE UP. Search Stop Time: 1494113532599
[ERROR - 2017-05-06T23:32:17.068Z] RouterReqHand - _handle.error - {"name":"Invalid Command Method","message":"{\"headers\":{\"Accept-Encoding\":\"gzip,deflate\",\"Cache-Control\":\"no-cache\",\"Connection\":\"Keep-Alive\",\"Host\":\"localhost:35927\",\"User-Agent\":\"Apache-HttpClient/4.5.3 (Java/1.8.0_77)\"},\"httpVersion\":\"1.1\",\"method\":\"GET\",\"url\":\"/alert_text\",\"urlParsed\":{\"anchor\":\"\",\"query\":\"\",\"file\":\"alert_text\",\"directory\":\"/\",\"path\":\"/alert_text\",\"relative\":\"/alert_text\",\"port\":\"\",\"host\":\"\",\"password\":\"\",\"user\":\"\",\"userInfo\":\"\",\"authority\":\"\",\"protocol\":\"\",\"source\":\"/alert_text\",\"queryKey\":{},\"chunks\":[\"alert_text\"]},\"urlOriginal\":\"/session/324e64f0-32b4-11e7-8348-13128f636d4a/alert_text\"}","line":202,"sourceURL":"phantomjs://code/session_request_handler.js","stack":"_handle@phantomjs://code/session_request_handler.js:202:66\n_reroute@phantomjs://code/request_handler.js:61:20\n_handle@phantomjs://code/router_request_handler.js:78:46"}
[ERROR - 2017-05-06T23:32:17.320Z] WebElementLocator - _handleLocateCommand - Element(s) NOT Found: GAVE UP. Search Stop Time: 1494113537283
[ERROR - 2017-05-06T23:32:17.976Z] WebElementLocator - _handleLocateCommand - Element(s) NOT Found: GAVE UP. Search Stop Time: 1494113537943
[ERROR - 2017-05-06T23:32:18.609Z] WebElementLocator - _handleLocateCommand - Element(s) NOT Found: GAVE UP. Search Stop Time: 1494113538577
[ERROR - 2017-05-06T23:32:22.993Z] RouterReqHand - _handle.error - {"name":"Invalid Command Method","message":"{\"headers\":{\"Accept-Encoding\":\"gzip,deflate\",\"Cache-Control\":\"no-cache\",\"Connection\":\"Keep-Alive\",\"Host\":\"localhost:35927\",\"User-Agent\":\"Apache-HttpClient/4.5.3 (Java/1.8.0_77)\"},\"httpVersion\":\"1.1\",\"method\":\"GET\",\"url\":\"/alert_text\",\"urlParsed\":{\"anchor\":\"\",\"query\":\"\",\"file\":\"alert_text\",\"directory\":\"/\",\"path\":\"/alert_text\",\"relative\":\"/alert_text\",\"port\":\"\",\"host\":\"\",\"password\":\"\",\"user\":\"\",\"userInfo\":\"\",\"authority\":\"\",\"protocol\":\"\",\"source\":\"/alert_text\",\"queryKey\":{},\"chunks\":[\"alert_text\"]},\"urlOriginal\":\"/session/324e64f0-32b4-11e7-8348-13128f636d4a/alert_text\"}","line":202,"sourceURL":"phantomjs://code/session_request_handler.js","stack":"_handle@phantomjs://code/session_request_handler.js:202:66\n_reroute@phantomjs://code/request_handler.js:61:20\n_handle@phantomjs://code/router_request_handler.js:78:46"}
[ERROR - 2017-05-06T23:32:23.234Z] WebElementLocator - _handleLocateCommand - Element(s) NOT Found: GAVE UP. Search Stop Time: 1494113543202
[ERROR - 2017-05-06T23:32:23.933Z] WebElementLocator - _handleLocateCommand - Element(s) NOT Found: GAVE UP. Search Stop Time: 1494113543900
[ERROR - 2017-05-06T23:32:24.607Z] WebElementLocator - _handleLocateCommand - Element(s) NOT Found: GAVE UP. Search Stop Time: 1494113544582
[ERROR - 2017-05-06T23:32:28.044Z] RouterReqHand - _handle.error - {"name":"Invalid Command Method","message":"{\"headers\":{\"Accept-Encoding\":\"gzip,deflate\",\"Cache-Control\":\"no-cache\",\"Connection\":\"Keep-Alive\",\"Host\":\"localhost:35927\",\"User-Agent\":\"Apache-HttpClient/4.5.3 (Java/1.8.0_77)\"},\"httpVersion\":\"1.1\",\"method\":\"GET\",\"url\":\"/alert_text\",\"urlParsed\":{\"anchor\":\"\",\"query\":\"\",\"file\":\"alert_text\",\"directory\":\"/\",\"path\":\"/alert_text\",\"relative\":\"/alert_text\",\"port\":\"\",\"host\":\"\",\"password\":\"\",\"user\":\"\",\"userInfo\":\"\",\"authority\":\"\",\"protocol\":\"\",\"source\":\"/alert_text\",\"queryKey\":{},\"chunks\":[\"alert_text\"]},\"urlOriginal\":\"/session/324e64f0-32b4-11e7-8348-13128f636d4a/alert_text\"}","line":202,"sourceURL":"phantomjs://code/session_request_handler.js","stack":"_handle@phantomjs://code/session_request_handler.js:202:66\n_reroute@phantomjs://code/request_handler.js:61:20\n_handle@phantomjs://code/router_request_handler.js:78:46"}
[ERROR - 2017-05-06T23:32:28.284Z] WebElementLocator - _handleLocateCommand - Element(s) NOT Found: GAVE UP. Search Stop Time: 1494113548255
